0 info it worked if it ends with ok
1 verbose cli [ 'C:\\Users\\SNR\\AppData\\Local\\.meteor\\packages\\meteor-tool\\1.4.1_1\\mt-os.windows.x86_32\\dev_bundle\\bin\\node.exe',
1 verbose cli   'C:\\Users\\SNR\\AppData\\Local\\.meteor\\packages\\meteor-tool\\1.4.1_1\\mt-os.windows.x86_32\\dev_bundle\\lib\\node_modules\\npm\\bin\\npm-cli.js',
1 verbose cli   'install',
1 verbose cli   '--save',
1 verbose cli   'bcrypt' ]
2 info using npm@3.10.6
3 info using node@v4.5.0
4 silly loadCurrentTree Starting
5 silly install loadCurrentTree
6 silly install readLocalPackageData
7 silly fetchPackageMetaData bcrypt@^0.8.7
8 silly fetchNamedPackageData bcrypt
9 silly mapToRegistry name bcrypt
10 silly mapToRegistry using default registry
11 silly mapToRegistry registry https://registry.npmjs.org/
12 silly mapToRegistry data Result {
12 silly mapToRegistry   raw: 'bcrypt',
12 silly mapToRegistry   scope: null,
12 silly mapToRegistry   escapedName: 'bcrypt',
12 silly mapToRegistry   name: 'bcrypt',
12 silly mapToRegistry   rawSpec: '',
12 silly mapToRegistry   spec: 'latest',
12 silly mapToRegistry   type: 'tag' }
13 silly mapToRegistry uri https://registry.npmjs.org/bcrypt
14 verbose request uri https://registry.npmjs.org/bcrypt
15 verbose request no auth needed
16 info attempt registry request try #1 at 10:31:01 AM
17 verbose request id a412176adf5d6f1a
18 verbose etag "ES8MKY4VN15JHF1YJPP6RA5FS"
19 http request GET https://registry.npmjs.org/bcrypt
20 http 304 https://registry.npmjs.org/bcrypt
21 verbose headers { date: 'Wed, 31 Aug 2016 03:31:05 GMT',
21 verbose headers   via: '1.1 varnish',
21 verbose headers   'cache-control': 'max-age=300',
21 verbose headers   etag: '"ES8MKY4VN15JHF1YJPP6RA5FS"',
21 verbose headers   age: '0',
21 verbose headers   connection: 'keep-alive',
21 verbose headers   'x-served-by': 'cache-hkg6820-HKG',
21 verbose headers   'x-cache': 'HIT',
21 verbose headers   'x-cache-hits': '1',
21 verbose headers   'x-timer': 'S1472614265.431671,VS0,VE193',
21 verbose headers   vary: 'Accept-Encoding' }
22 silly get cb [ 304,
22 silly get   { date: 'Wed, 31 Aug 2016 03:31:05 GMT',
22 silly get     via: '1.1 varnish',
22 silly get     'cache-control': 'max-age=300',
22 silly get     etag: '"ES8MKY4VN15JHF1YJPP6RA5FS"',
22 silly get     age: '0',
22 silly get     connection: 'keep-alive',
22 silly get     'x-served-by': 'cache-hkg6820-HKG',
22 silly get     'x-cache': 'HIT',
22 silly get     'x-cache-hits': '1',
22 silly get     'x-timer': 'S1472614265.431671,VS0,VE193',
22 silly get     vary: 'Accept-Encoding' } ]
23 verbose etag https://registry.npmjs.org/bcrypt from cache
24 verbose get saving bcrypt to C:\Users\SNR\AppData\Roaming\npm-cache\registry.npmjs.org\bcrypt\.cache.json
25 verbose correctMkdir C:\Users\SNR\AppData\Roaming\npm-cache correctMkdir not in flight; initializing
26 silly install normalizeTree
27 silly loadCurrentTree Finishing
28 silly loadIdealTree Starting
29 silly install loadIdealTree
30 silly cloneCurrentTree Starting
31 silly install cloneCurrentTreeToIdealTree
32 silly cloneCurrentTree Finishing
33 silly loadShrinkwrap Starting
34 silly install loadShrinkwrap
35 silly loadShrinkwrap Finishing
36 silly loadAllDepsIntoIdealTree Starting
37 silly install loadAllDepsIntoIdealTree
38 silly resolveWithNewModule bcrypt@0.8.7 checking installable status
39 silly cache add args [ 'bcrypt@^0.8.7', null ]
40 verbose cache add spec bcrypt@^0.8.7
41 silly cache add parsed spec Result {
41 silly cache add   raw: 'bcrypt@^0.8.7',
41 silly cache add   scope: null,
41 silly cache add   escapedName: 'bcrypt',
41 silly cache add   name: 'bcrypt',
41 silly cache add   rawSpec: '^0.8.7',
41 silly cache add   spec: '>=0.8.7 <0.9.0',
41 silly cache add   type: 'range' }
42 silly addNamed bcrypt@>=0.8.7 <0.9.0
43 verbose addNamed ">=0.8.7 <0.9.0" is a valid semver range for bcrypt
44 silly addNameRange { name: 'bcrypt', range: '>=0.8.7 <0.9.0', hasData: false }
45 silly mapToRegistry name bcrypt
46 silly mapToRegistry using default registry
47 silly mapToRegistry registry https://registry.npmjs.org/
48 silly mapToRegistry data Result {
48 silly mapToRegistry   raw: 'bcrypt',
48 silly mapToRegistry   scope: null,
48 silly mapToRegistry   escapedName: 'bcrypt',
48 silly mapToRegistry   name: 'bcrypt',
48 silly mapToRegistry   rawSpec: '',
48 silly mapToRegistry   spec: 'latest',
48 silly mapToRegistry   type: 'tag' }
49 silly mapToRegistry uri https://registry.npmjs.org/bcrypt
50 verbose addNameRange registry:https://registry.npmjs.org/bcrypt not in flight; fetching
51 verbose get https://registry.npmjs.org/bcrypt not expired, no request
52 silly addNameRange number 2 { name: 'bcrypt', range: '>=0.8.7 <0.9.0', hasData: true }
53 silly addNameRange versions [ 'bcrypt',
53 silly addNameRange   [ '0.1.2',
53 silly addNameRange     '0.2.0',
53 silly addNameRange     '0.2.1',
53 silly addNameRange     '0.1.3',
53 silly addNameRange     '0.2.2',
53 silly addNameRange     '0.2.3',
53 silly addNameRange     '0.2.4',
53 silly addNameRange     '0.3.0',
53 silly addNameRange     '0.3.1',
53 silly addNameRange     '0.3.2',
53 silly addNameRange     '0.4.0',
53 silly addNameRange     '0.4.1',
53 silly addNameRange     '0.5.0',
53 silly addNameRange     '0.6.0',
53 silly addNameRange     '0.7.0',
53 silly addNameRange     '0.7.1',
53 silly addNameRange     '0.7.2',
53 silly addNameRange     '0.7.3',
53 silly addNameRange     '0.7.4',
53 silly addNameRange     '0.7.5',
53 silly addNameRange     '0.7.6',
53 silly addNameRange     '0.7.7',
53 silly addNameRange     '0.7.8',
53 silly addNameRange     '0.8.0',
53 silly addNameRange     '0.8.1',
53 silly addNameRange     '0.8.2',
53 silly addNameRange     '0.8.3',
53 silly addNameRange     '0.8.4',
53 silly addNameRange     '0.8.5',
53 silly addNameRange     '0.8.6',
53 silly addNameRange     '0.8.7' ] ]
54 silly addNamed bcrypt@0.8.7
55 verbose addNamed "0.8.7" is a plain semver version for bcrypt
56 silly cache afterAdd bcrypt@0.8.7
57 verbose afterAdd C:\Users\SNR\AppData\Roaming\npm-cache\bcrypt\0.8.7\package\package.json not in flight; writing
58 verbose correctMkdir C:\Users\SNR\AppData\Roaming\npm-cache correctMkdir not in flight; initializing
59 verbose afterAdd C:\Users\SNR\AppData\Roaming\npm-cache\bcrypt\0.8.7\package\package.json written
60 silly fetchNamedPackageData bindings
61 silly mapToRegistry name bindings
62 silly mapToRegistry using default registry
63 silly mapToRegistry registry https://registry.npmjs.org/
64 silly mapToRegistry data Result {
64 silly mapToRegistry   raw: 'bindings',
64 silly mapToRegistry   scope: null,
64 silly mapToRegistry   escapedName: 'bindings',
64 silly mapToRegistry   name: 'bindings',
64 silly mapToRegistry   rawSpec: '',
64 silly mapToRegistry   spec: 'latest',
64 silly mapToRegistry   type: 'tag' }
65 silly mapToRegistry uri https://registry.npmjs.org/bindings
66 silly fetchNamedPackageData nan
67 silly mapToRegistry name nan
68 silly mapToRegistry using default registry
69 silly mapToRegistry registry https://registry.npmjs.org/
70 silly mapToRegistry data Result {
70 silly mapToRegistry   raw: 'nan',
70 silly mapToRegistry   scope: null,
70 silly mapToRegistry   escapedName: 'nan',
70 silly mapToRegistry   name: 'nan',
70 silly mapToRegistry   rawSpec: '',
70 silly mapToRegistry   spec: 'latest',
70 silly mapToRegistry   type: 'tag' }
71 silly mapToRegistry uri https://registry.npmjs.org/nan
72 verbose request uri https://registry.npmjs.org/bindings
73 verbose request no auth needed
74 info attempt registry request try #1 at 10:31:03 AM
75 verbose etag "33TX4J3DNTGF7K41ZUV6OA182"
76 http request GET https://registry.npmjs.org/bindings
77 verbose request uri https://registry.npmjs.org/nan
78 verbose request no auth needed
79 info attempt registry request try #1 at 10:31:03 AM
80 verbose etag "NAY6YRKIZAXUCU18M1YHIEA2"
81 http request GET https://registry.npmjs.org/nan
82 http 304 https://registry.npmjs.org/bindings
83 verbose headers { date: 'Wed, 31 Aug 2016 03:31:06 GMT',
83 verbose headers   via: '1.1 varnish',
83 verbose headers   'cache-control': 'max-age=300',
83 verbose headers   etag: '"33TX4J3DNTGF7K41ZUV6OA182"',
83 verbose headers   age: '9',
83 verbose headers   connection: 'keep-alive',
83 verbose headers   'x-served-by': 'cache-hkg6820-HKG',
83 verbose headers   'x-cache': 'HIT',
83 verbose headers   'x-cache-hits': '2',
83 verbose headers   'x-timer': 'S1472614266.288088,VS0,VE0',
83 verbose headers   vary: 'Accept-Encoding' }
84 silly get cb [ 304,
84 silly get   { date: 'Wed, 31 Aug 2016 03:31:06 GMT',
84 silly get     via: '1.1 varnish',
84 silly get     'cache-control': 'max-age=300',
84 silly get     etag: '"33TX4J3DNTGF7K41ZUV6OA182"',
84 silly get     age: '9',
84 silly get     connection: 'keep-alive',
84 silly get     'x-served-by': 'cache-hkg6820-HKG',
84 silly get     'x-cache': 'HIT',
84 silly get     'x-cache-hits': '2',
84 silly get     'x-timer': 'S1472614266.288088,VS0,VE0',
84 silly get     vary: 'Accept-Encoding' } ]
85 verbose etag https://registry.npmjs.org/bindings from cache
86 verbose get saving bindings to C:\Users\SNR\AppData\Roaming\npm-cache\registry.npmjs.org\bindings\.cache.json
87 verbose correctMkdir C:\Users\SNR\AppData\Roaming\npm-cache correctMkdir not in flight; initializing
88 silly resolveWithNewModule bindings@1.2.1 checking installable status
89 silly cache add args [ 'bindings@1.2.1', null ]
90 verbose cache add spec bindings@1.2.1
91 silly cache add parsed spec Result {
91 silly cache add   raw: 'bindings@1.2.1',
91 silly cache add   scope: null,
91 silly cache add   escapedName: 'bindings',
91 silly cache add   name: 'bindings',
91 silly cache add   rawSpec: '1.2.1',
91 silly cache add   spec: '1.2.1',
91 silly cache add   type: 'version' }
92 silly addNamed bindings@1.2.1
93 verbose addNamed "1.2.1" is a plain semver version for bindings
94 silly mapToRegistry name bindings
95 silly mapToRegistry using default registry
96 silly mapToRegistry registry https://registry.npmjs.org/
97 silly mapToRegistry data Result {
97 silly mapToRegistry   raw: 'bindings',
97 silly mapToRegistry   scope: null,
97 silly mapToRegistry   escapedName: 'bindings',
97 silly mapToRegistry   name: 'bindings',
97 silly mapToRegistry   rawSpec: '',
97 silly mapToRegistry   spec: 'latest',
97 silly mapToRegistry   type: 'tag' }
98 silly mapToRegistry uri https://registry.npmjs.org/bindings
99 verbose addNameVersion registry:https://registry.npmjs.org/bindings not in flight; fetching
100 verbose get https://registry.npmjs.org/bindings not expired, no request
101 silly cache afterAdd bindings@1.2.1
102 verbose afterAdd C:\Users\SNR\AppData\Roaming\npm-cache\bindings\1.2.1\package\package.json not in flight; writing
103 verbose correctMkdir C:\Users\SNR\AppData\Roaming\npm-cache correctMkdir not in flight; initializing
104 verbose afterAdd C:\Users\SNR\AppData\Roaming\npm-cache\bindings\1.2.1\package\package.json written
105 http 200 https://registry.npmjs.org/nan
106 verbose headers { server: 'CouchDB/1.5.0 (Erlang OTP/R16B03)',
106 verbose headers   etag: '"1OOZJAUMBQC59OINHZGMRRCSL"',
106 verbose headers   'content-type': 'application/json',
106 verbose headers   'content-encoding': 'gzip',
106 verbose headers   'cache-control': 'max-age=300',
106 verbose headers   'content-length': '17140',
106 verbose headers   'accept-ranges': 'bytes',
106 verbose headers   date: 'Wed, 31 Aug 2016 03:31:06 GMT',
106 verbose headers   via: '1.1 varnish',
106 verbose headers   age: '24',
106 verbose headers   connection: 'keep-alive',
106 verbose headers   'x-served-by': 'cache-hkg6823-HKG',
106 verbose headers   'x-cache': 'HIT',
106 verbose headers   'x-cache-hits': '1',
106 verbose headers   'x-timer': 'S1472614266.422280,VS0,VE0',
106 verbose headers   vary: 'Accept-Encoding' }
107 silly get cb [ 200,
107 silly get   { server: 'CouchDB/1.5.0 (Erlang OTP/R16B03)',
107 silly get     etag: '"1OOZJAUMBQC59OINHZGMRRCSL"',
107 silly get     'content-type': 'application/json',
107 silly get     'content-encoding': 'gzip',
107 silly get     'cache-control': 'max-age=300',
107 silly get     'content-length': '17140',
107 silly get     'accept-ranges': 'bytes',
107 silly get     date: 'Wed, 31 Aug 2016 03:31:06 GMT',
107 silly get     via: '1.1 varnish',
107 silly get     age: '24',
107 silly get     connection: 'keep-alive',
107 silly get     'x-served-by': 'cache-hkg6823-HKG',
107 silly get     'x-cache': 'HIT',
107 silly get     'x-cache-hits': '1',
107 silly get     'x-timer': 'S1472614266.422280,VS0,VE0',
107 silly get     vary: 'Accept-Encoding' } ]
108 verbose get saving nan to C:\Users\SNR\AppData\Roaming\npm-cache\registry.npmjs.org\nan\.cache.json
109 verbose correctMkdir C:\Users\SNR\AppData\Roaming\npm-cache correctMkdir not in flight; initializing
110 silly resolveWithNewModule nan@2.3.5 checking installable status
111 silly cache add args [ 'nan@2.3.5', null ]
112 verbose cache add spec nan@2.3.5
113 silly cache add parsed spec Result {
113 silly cache add   raw: 'nan@2.3.5',
113 silly cache add   scope: null,
113 silly cache add   escapedName: 'nan',
113 silly cache add   name: 'nan',
113 silly cache add   rawSpec: '2.3.5',
113 silly cache add   spec: '2.3.5',
113 silly cache add   type: 'version' }
114 silly addNamed nan@2.3.5
115 verbose addNamed "2.3.5" is a plain semver version for nan
116 silly mapToRegistry name nan
117 silly mapToRegistry using default registry
118 silly mapToRegistry registry https://registry.npmjs.org/
119 silly mapToRegistry data Result {
119 silly mapToRegistry   raw: 'nan',
119 silly mapToRegistry   scope: null,
119 silly mapToRegistry   escapedName: 'nan',
119 silly mapToRegistry   name: 'nan',
119 silly mapToRegistry   rawSpec: '',
119 silly mapToRegistry   spec: 'latest',
119 silly mapToRegistry   type: 'tag' }
120 silly mapToRegistry uri https://registry.npmjs.org/nan
121 verbose addNameVersion registry:https://registry.npmjs.org/nan not in flight; fetching
122 verbose get https://registry.npmjs.org/nan not expired, no request
123 silly cache afterAdd nan@2.3.5
124 verbose afterAdd C:\Users\SNR\AppData\Roaming\npm-cache\nan\2.3.5\package\package.json not in flight; writing
125 verbose correctMkdir C:\Users\SNR\AppData\Roaming\npm-cache correctMkdir not in flight; initializing
126 verbose afterAdd C:\Users\SNR\AppData\Roaming\npm-cache\nan\2.3.5\package\package.json written
127 silly loadAllDepsIntoIdealTree Finishing
128 silly loadIdealTree Finishing
129 silly currentTree test-blaze1.3@
129 silly currentTree +-- async@1.0.0
129 silly currentTree +-- balanced-match@0.4.2
129 silly currentTree +-- basic-authentication@1.6.2
129 silly currentTree +-- bignumber.js@2.4.0
129 silly currentTree +-- block-stream@0.0.9
129 silly currentTree +-- brace-expansion@1.1.6
129 silly currentTree +-- bson@0.5.3
129 silly currentTree +-- buffer-shims@1.0.0
129 silly currentTree +-- busboy@0.2.13
129 silly currentTree +-- casual@1.5.3
129 silly currentTree | `-- moment@2.11.2
129 silly currentTree +-- colors@1.0.3
129 silly currentTree +-- complex.js@2.0.1
129 silly currentTree +-- concat-map@0.0.1
129 silly currentTree +-- core-util-is@1.0.2
129 silly currentTree +-- cycle@1.0.3
129 silly currentTree +-- datatables.net-bs@1.10.12
129 silly currentTree +-- datatables.net-buttons@1.2.2
129 silly currentTree +-- datatables.net-jqui@1.10.12
129 silly currentTree +-- datatables.net@1.10.12
129 silly currentTree +-- decimal.js@5.0.8
129 silly currentTree +-- dicer@0.2.5
129 silly currentTree +-- ee-first@1.1.1
129 silly currentTree +-- es6-promise@3.2.1
129 silly currentTree +-- eyes@0.1.8
129 silly currentTree +-- faker@3.1.0
129 silly currentTree +-- fraction.js@3.3.1
129 silly currentTree +-- fs.realpath@1.0.0
129 silly currentTree +-- fstream@1.0.10
129 silly currentTree +-- glob@7.0.6
129 silly currentTree +-- graceful-fs@4.1.6
129 silly currentTree +-- highcharts@4.2.6
129 silly currentTree +-- inflight@1.0.5
129 silly currentTree +-- inherits@2.0.1
129 silly currentTree +-- isarray@0.0.1
129 silly currentTree +-- isstream@0.1.2
129 silly currentTree +-- jquery@2.2.4
129 silly currentTree +-- logger-request@3.6.1
129 silly currentTree +-- mathjs@3.4.1
129 silly currentTree +-- mersenne-twister@1.0.1
129 silly currentTree +-- meteor-node-stubs@0.2.3
129 silly currentTree | +-- assert@1.3.0
129 silly currentTree | +-- browserify-zlib@0.1.4
129 silly currentTree | | `-- pako@0.2.8
129 silly currentTree | +-- buffer@4.5.1
129 silly currentTree | | +-- base64-js@1.1.2
129 silly currentTree | | +-- ieee754@1.1.6
129 silly currentTree | | `-- isarray@1.0.0
129 silly currentTree | +-- console-browserify@1.1.0
129 silly currentTree | | `-- date-now@0.1.4
129 silly currentTree | +-- constants-browserify@1.0.0
129 silly currentTree | +-- crypto-browserify@3.11.0
129 silly currentTree | | +-- browserify-cipher@1.0.0
129 silly currentTree | | | +-- browserify-aes@1.0.6
129 silly currentTree | | | | +-- buffer-xor@1.0.3
129 silly currentTree | | | | `-- cipher-base@1.0.2
129 silly currentTree | | | +-- browserify-des@1.0.0
129 silly currentTree | | | | +-- cipher-base@1.0.2
129 silly currentTree | | | | `-- des.js@1.0.0
129 silly currentTree | | | |   `-- minimalistic-assert@1.0.0
129 silly currentTree | | | `-- evp_bytestokey@1.0.0
129 silly currentTree | | +-- browserify-sign@4.0.0
129 silly currentTree | | | +-- bn.js@4.11.1
129 silly currentTree | | | +-- browserify-rsa@4.0.1
129 silly currentTree | | | +-- elliptic@6.2.3
129 silly currentTree | | | | +-- brorand@1.0.5
129 silly currentTree | | | | `-- hash.js@1.0.3
129 silly currentTree | | | `-- parse-asn1@5.0.0
129 silly currentTree | | |   +-- asn1.js@4.5.2
129 silly currentTree | | |   | `-- minimalistic-assert@1.0.0
129 silly currentTree | | |   +-- browserify-aes@1.0.6
129 silly currentTree | | |   | +-- buffer-xor@1.0.3
129 silly currentTree | | |   | `-- cipher-base@1.0.2
129 silly currentTree | | |   `-- evp_bytestokey@1.0.0
129 silly currentTree | | +-- create-ecdh@4.0.0
129 silly currentTree | | | +-- bn.js@4.11.1
129 silly currentTree | | | `-- elliptic@6.2.3
129 silly currentTree | | |   +-- brorand@1.0.5
129 silly currentTree | | |   `-- hash.js@1.0.3
129 silly currentTree | | +-- create-hash@1.1.2
129 silly currentTree | | | +-- cipher-base@1.0.2
129 silly currentTree | | | +-- ripemd160@1.0.1
129 silly currentTree | | | `-- sha.js@2.4.5
129 silly currentTree | | +-- create-hmac@1.1.4
129 silly currentTree | | +-- diffie-hellman@5.0.2
129 silly currentTree | | | +-- bn.js@4.11.1
129 silly currentTree | | | `-- miller-rabin@4.0.0
129 silly currentTree | | |   `-- brorand@1.0.5
129 silly currentTree | | +-- inherits@2.0.1
129 silly currentTree | | +-- pbkdf2@3.0.4
129 silly currentTree | | +-- public-encrypt@4.0.0
129 silly currentTree | | | +-- bn.js@4.11.1
129 silly currentTree | | | +-- browserify-rsa@4.0.1
129 silly currentTree | | | `-- parse-asn1@5.0.0
129 silly currentTree | | |   +-- asn1.js@4.5.2
129 silly currentTree | | |   | `-- minimalistic-assert@1.0.0
129 silly currentTree | | |   +-- browserify-aes@1.0.6
129 silly currentTree | | |   | +-- buffer-xor@1.0.3
129 silly currentTree | | |   | `-- cipher-base@1.0.2
129 silly currentTree | | |   `-- evp_bytestokey@1.0.0
129 silly currentTree | | `-- randombytes@2.0.3
129 silly currentTree | +-- domain-browser@1.1.7
129 silly currentTree | +-- events@1.1.0
129 silly currentTree | +-- http-browserify@1.7.0
129 silly currentTree | | +-- Base64@0.2.1
129 silly currentTree | | `-- inherits@2.0.1
129 silly currentTree | +-- https-browserify@0.0.1
129 silly currentTree | +-- os-browserify@0.2.1
129 silly currentTree | +-- path-browserify@0.0.0
129 silly currentTree | +-- process@0.11.2
129 silly currentTree | +-- punycode@1.4.1
129 silly currentTree | +-- querystring-es3@0.2.1
129 silly currentTree | +-- readable-stream@2.0.6
129 silly currentTree | | +-- core-util-is@1.0.2
129 silly currentTree | | +-- inherits@2.0.1
129 silly currentTree | | +-- isarray@1.0.0
129 silly currentTree | | +-- process-nextick-args@1.0.6
129 silly currentTree | | `-- util-deprecate@1.0.2
129 silly currentTree | +-- stream-browserify@2.0.1
129 silly currentTree | | `-- inherits@2.0.1
129 silly currentTree | +-- string_decoder@0.10.31
129 silly currentTree | +-- timers-browserify@1.4.2
129 silly currentTree | +-- tty-browserify@0.0.0
129 silly currentTree | +-- url@0.11.0
129 silly currentTree | | +-- punycode@1.3.2
129 silly currentTree | | `-- querystring@0.2.0
129 silly currentTree | +-- util@0.10.3
129 silly currentTree | | `-- inherits@2.0.1
129 silly currentTree | `-- vm-browserify@0.0.4
129 silly currentTree |   `-- indexof@0.0.1
129 silly currentTree +-- minimatch@3.0.3
129 silly currentTree +-- minimist@0.0.8
129 silly currentTree +-- mkdirp@0.5.1
129 silly currentTree +-- moment@2.14.1
129 silly currentTree +-- money@0.2.0
129 silly currentTree +-- mongodb-backup@1.6.4
129 silly currentTree +-- mongodb-core@2.0.9
129 silly currentTree +-- mongodb-restore@1.5.4
129 silly currentTree | +-- bson@0.5.2
129 silly currentTree | +-- es6-promise@3.0.2
129 silly currentTree | +-- graceful-fs@4.1.5
129 silly currentTree | +-- mongodb-core@2.0.7
129 silly currentTree | +-- mongodb@2.2.5
129 silly currentTree | `-- readable-stream@1.0.31
129 silly currentTree +-- mongodb@2.2.7
129 silly currentTree | +-- isarray@1.0.0
129 silly currentTree | `-- readable-stream@2.1.5
129 silly currentTree +-- on-finished@2.3.0
129 silly currentTree +-- once@1.3.3
129 silly currentTree +-- path-is-absolute@1.0.0
129 silly currentTree +-- pkginfo@0.3.1
129 silly currentTree +-- printthis@0.1.5
129 silly currentTree +-- process-nextick-args@1.0.7
129 silly currentTree +-- readable-stream@1.1.14
129 silly currentTree +-- require_optional@1.0.0
129 silly currentTree +-- resolve-from@2.0.0
129 silly currentTree +-- rimraf@2.5.4
129 silly currentTree +-- semver@5.3.0
129 silly currentTree +-- setheaders@0.1.5
129 silly currentTree +-- stack-trace@0.0.9
129 silly currentTree +-- streamsearch@0.1.2
129 silly currentTree +-- string_decoder@0.10.31
129 silly currentTree +-- tar@2.2.1
129 silly currentTree +-- tiny-emitter@1.0.2
129 silly currentTree +-- transfer-rate@1.1.3
129 silly currentTree +-- typed-function@0.10.4
129 silly currentTree +-- util-deprecate@1.0.2
129 silly currentTree +-- winston@2.2.0
129 silly currentTree `-- wrappy@1.0.2
130 silly idealTree test-blaze1.3@
130 silly idealTree +-- async@1.0.0
130 silly idealTree +-- balanced-match@0.4.2
130 silly idealTree +-- basic-authentication@1.6.2
130 silly idealTree +-- bcrypt@0.8.7
130 silly idealTree +-- bignumber.js@2.4.0
130 silly idealTree +-- bindings@1.2.1
130 silly idealTree +-- block-stream@0.0.9
130 silly idealTree +-- brace-expansion@1.1.6
130 silly idealTree +-- bson@0.5.3
130 silly idealTree +-- buffer-shims@1.0.0
130 silly idealTree +-- busboy@0.2.13
130 silly idealTree +-- casual@1.5.3
130 silly idealTree | `-- moment@2.11.2
130 silly idealTree +-- colors@1.0.3
130 silly idealTree +-- complex.js@2.0.1
130 silly idealTree +-- concat-map@0.0.1
130 silly idealTree +-- core-util-is@1.0.2
130 silly idealTree +-- cycle@1.0.3
130 silly idealTree +-- datatables.net-bs@1.10.12
130 silly idealTree +-- datatables.net-buttons@1.2.2
130 silly idealTree +-- datatables.net-jqui@1.10.12
130 silly idealTree +-- datatables.net@1.10.12
130 silly idealTree +-- decimal.js@5.0.8
130 silly idealTree +-- dicer@0.2.5
130 silly idealTree +-- ee-first@1.1.1
130 silly idealTree +-- es6-promise@3.2.1
130 silly idealTree +-- eyes@0.1.8
130 silly idealTree +-- faker@3.1.0
130 silly idealTree +-- fraction.js@3.3.1
130 silly idealTree +-- fs.realpath@1.0.0
130 silly idealTree +-- fstream@1.0.10
130 silly idealTree +-- glob@7.0.6
130 silly idealTree +-- graceful-fs@4.1.6
130 silly idealTree +-- highcharts@4.2.6
130 silly idealTree +-- inflight@1.0.5
130 silly idealTree +-- inherits@2.0.1
130 silly idealTree +-- isarray@0.0.1
130 silly idealTree +-- isstream@0.1.2
130 silly idealTree +-- jquery@2.2.4
130 silly idealTree +-- logger-request@3.6.1
130 silly idealTree +-- mathjs@3.4.1
130 silly idealTree +-- mersenne-twister@1.0.1
130 silly idealTree +-- meteor-node-stubs@0.2.3
130 silly idealTree | +-- assert@1.3.0
130 silly idealTree | +-- browserify-zlib@0.1.4
130 silly idealTree | | `-- pako@0.2.8
130 silly idealTree | +-- buffer@4.5.1
130 silly idealTree | | +-- base64-js@1.1.2
130 silly idealTree | | +-- ieee754@1.1.6
130 silly idealTree | | `-- isarray@1.0.0
130 silly idealTree | +-- console-browserify@1.1.0
130 silly idealTree | | `-- date-now@0.1.4
130 silly idealTree | +-- constants-browserify@1.0.0
130 silly idealTree | +-- crypto-browserify@3.11.0
130 silly idealTree | | +-- browserify-cipher@1.0.0
130 silly idealTree | | | +-- browserify-aes@1.0.6
130 silly idealTree | | | | +-- buffer-xor@1.0.3
130 silly idealTree | | | | `-- cipher-base@1.0.2
130 silly idealTree | | | +-- browserify-des@1.0.0
130 silly idealTree | | | | +-- cipher-base@1.0.2
130 silly idealTree | | | | `-- des.js@1.0.0
130 silly idealTree | | | |   `-- minimalistic-assert@1.0.0
130 silly idealTree | | | `-- evp_bytestokey@1.0.0
130 silly idealTree | | +-- browserify-sign@4.0.0
130 silly idealTree | | | +-- bn.js@4.11.1
130 silly idealTree | | | +-- browserify-rsa@4.0.1
130 silly idealTree | | | +-- elliptic@6.2.3
130 silly idealTree | | | | +-- brorand@1.0.5
130 silly idealTree | | | | `-- hash.js@1.0.3
130 silly idealTree | | | `-- parse-asn1@5.0.0
130 silly idealTree | | |   +-- asn1.js@4.5.2
130 silly idealTree | | |   | `-- minimalistic-assert@1.0.0
130 silly idealTree | | |   +-- browserify-aes@1.0.6
130 silly idealTree | | |   | +-- buffer-xor@1.0.3
130 silly idealTree | | |   | `-- cipher-base@1.0.2
130 silly idealTree | | |   `-- evp_bytestokey@1.0.0
130 silly idealTree | | +-- create-ecdh@4.0.0
130 silly idealTree | | | +-- bn.js@4.11.1
130 silly idealTree | | | `-- elliptic@6.2.3
130 silly idealTree | | |   +-- brorand@1.0.5
130 silly idealTree | | |   `-- hash.js@1.0.3
130 silly idealTree | | +-- create-hash@1.1.2
130 silly idealTree | | | +-- cipher-base@1.0.2
130 silly idealTree | | | +-- ripemd160@1.0.1
130 silly idealTree | | | `-- sha.js@2.4.5
130 silly idealTree | | +-- create-hmac@1.1.4
130 silly idealTree | | +-- diffie-hellman@5.0.2
130 silly idealTree | | | +-- bn.js@4.11.1
130 silly idealTree | | | `-- miller-rabin@4.0.0
130 silly idealTree | | |   `-- brorand@1.0.5
130 silly idealTree | | +-- inherits@2.0.1
130 silly idealTree | | +-- pbkdf2@3.0.4
130 silly idealTree | | +-- public-encrypt@4.0.0
130 silly idealTree | | | +-- bn.js@4.11.1
130 silly idealTree | | | +-- browserify-rsa@4.0.1
130 silly idealTree | | | `-- parse-asn1@5.0.0
130 silly idealTree | | |   +-- asn1.js@4.5.2
130 silly idealTree | | |   | `-- minimalistic-assert@1.0.0
130 silly idealTree | | |   +-- browserify-aes@1.0.6
130 silly idealTree | | |   | +-- buffer-xor@1.0.3
130 silly idealTree | | |   | `-- cipher-base@1.0.2
130 silly idealTree | | |   `-- evp_bytestokey@1.0.0
130 silly idealTree | | `-- randombytes@2.0.3
130 silly idealTree | +-- domain-browser@1.1.7
130 silly idealTree | +-- events@1.1.0
130 silly idealTree | +-- http-browserify@1.7.0
130 silly idealTree | | +-- Base64@0.2.1
130 silly idealTree | | `-- inherits@2.0.1
130 silly idealTree | +-- https-browserify@0.0.1
130 silly idealTree | +-- os-browserify@0.2.1
130 silly idealTree | +-- path-browserify@0.0.0
130 silly idealTree | +-- process@0.11.2
130 silly idealTree | +-- punycode@1.4.1
130 silly idealTree | +-- querystring-es3@0.2.1
130 silly idealTree | +-- readable-stream@2.0.6
130 silly idealTree | | +-- core-util-is@1.0.2
130 silly idealTree | | +-- inherits@2.0.1
130 silly idealTree | | +-- isarray@1.0.0
130 silly idealTree | | +-- process-nextick-args@1.0.6
130 silly idealTree | | `-- util-deprecate@1.0.2
130 silly idealTree | +-- stream-browserify@2.0.1
130 silly idealTree | | `-- inherits@2.0.1
130 silly idealTree | +-- string_decoder@0.10.31
130 silly idealTree | +-- timers-browserify@1.4.2
130 silly idealTree | +-- tty-browserify@0.0.0
130 silly idealTree | +-- url@0.11.0
130 silly idealTree | | +-- punycode@1.3.2
130 silly idealTree | | `-- querystring@0.2.0
130 silly idealTree | +-- util@0.10.3
130 silly idealTree | | `-- inherits@2.0.1
130 silly idealTree | `-- vm-browserify@0.0.4
130 silly idealTree |   `-- indexof@0.0.1
130 silly idealTree +-- minimatch@3.0.3
130 silly idealTree +-- minimist@0.0.8
130 silly idealTree +-- mkdirp@0.5.1
130 silly idealTree +-- moment@2.14.1
130 silly idealTree +-- money@0.2.0
130 silly idealTree +-- mongodb-backup@1.6.4
130 silly idealTree +-- mongodb-core@2.0.9
130 silly idealTree +-- mongodb-restore@1.5.4
130 silly idealTree | +-- bson@0.5.2
130 silly idealTree | +-- es6-promise@3.0.2
130 silly idealTree | +-- graceful-fs@4.1.5
130 silly idealTree | +-- mongodb-core@2.0.7
130 silly idealTree | +-- mongodb@2.2.5
130 silly idealTree | `-- readable-stream@1.0.31
130 silly idealTree +-- mongodb@2.2.7
130 silly idealTree | +-- isarray@1.0.0
130 silly idealTree | `-- readable-stream@2.1.5
130 silly idealTree +-- nan@2.3.5
130 silly idealTree +-- on-finished@2.3.0
130 silly idealTree +-- once@1.3.3
130 silly idealTree +-- path-is-absolute@1.0.0
130 silly idealTree +-- pkginfo@0.3.1
130 silly idealTree +-- printthis@0.1.5
130 silly idealTree +-- process-nextick-args@1.0.7
130 silly idealTree +-- readable-stream@1.1.14
130 silly idealTree +-- require_optional@1.0.0
130 silly idealTree +-- resolve-from@2.0.0
130 silly idealTree +-- rimraf@2.5.4
130 silly idealTree +-- semver@5.3.0
130 silly idealTree +-- setheaders@0.1.5
130 silly idealTree +-- stack-trace@0.0.9
130 silly idealTree +-- streamsearch@0.1.2
130 silly idealTree +-- string_decoder@0.10.31
130 silly idealTree +-- tar@2.2.1
130 silly idealTree +-- tiny-emitter@1.0.2
130 silly idealTree +-- transfer-rate@1.1.3
130 silly idealTree +-- typed-function@0.10.4
130 silly idealTree +-- util-deprecate@1.0.2
130 silly idealTree +-- winston@2.2.0
130 silly idealTree `-- wrappy@1.0.2
131 silly generateActionsToTake Starting
132 silly install generateActionsToTake
133 silly generateActionsToTake Finishing
134 silly diffTrees action count 3
135 silly diffTrees add bindings@1.2.1
136 silly diffTrees add nan@2.3.5
137 silly diffTrees add bcrypt@0.8.7
138 silly decomposeActions action count 24
139 silly decomposeActions fetch bindings@1.2.1
140 silly decomposeActions extract bindings@1.2.1
141 silly decomposeActions test bindings@1.2.1
142 silly decomposeActions preinstall bindings@1.2.1
143 silly decomposeActions build bindings@1.2.1
144 silly decomposeActions install bindings@1.2.1
145 silly decomposeActions postinstall bindings@1.2.1
146 silly decomposeActions finalize bindings@1.2.1
147 silly decomposeActions fetch nan@2.3.5
148 silly decomposeActions extract nan@2.3.5
149 silly decomposeActions test nan@2.3.5
150 silly decomposeActions preinstall nan@2.3.5
151 silly decomposeActions build nan@2.3.5
152 silly decomposeActions install nan@2.3.5
153 silly decomposeActions postinstall nan@2.3.5
154 silly decomposeActions finalize nan@2.3.5
155 silly decomposeActions fetch bcrypt@0.8.7
156 silly decomposeActions extract bcrypt@0.8.7
157 silly decomposeActions test bcrypt@0.8.7
158 silly decomposeActions preinstall bcrypt@0.8.7
159 silly decomposeActions build bcrypt@0.8.7
160 silly decomposeActions install bcrypt@0.8.7
161 silly decomposeActions postinstall bcrypt@0.8.7
162 silly decomposeActions finalize bcrypt@0.8.7
163 silly executeActions Starting
164 silly install executeActions
165 silly doSerial global-install 0
166 silly doParallel fetch 3
167 verbose correctMkdir C:\Users\SNR\AppData\Roaming\npm-cache\_locks correctMkdir not in flight; initializing
168 verbose lock using C:\Users\SNR\AppData\Roaming\npm-cache\_locks\staging-91ed8ade035e7a34.lock for D:\App\BTB Meteor Project\accounting\node_modules\.staging
169 silly doParallel extract 3
170 silly extract bindings@1.2.1
171 silly extract nan@2.3.5
172 silly extract bcrypt@0.8.7
173 verbose unbuild node_modules\.staging\bindings-76da45b7
174 verbose unbuild node_modules\.staging\nan-e53747ab
175 verbose unbuild node_modules\.staging\bcrypt-8351c443
176 silly gentlyRm D:\App\BTB Meteor Project\accounting\node_modules\.staging\bindings-76da45b7 is being purged from base D:\App\BTB Meteor Project\accounting
177 verbose gentlyRm don't care about contents; nuking D:\App\BTB Meteor Project\accounting\node_modules\.staging\bindings-76da45b7
178 silly gentlyRm D:\App\BTB Meteor Project\accounting\node_modules\.staging\nan-e53747ab is being purged from base D:\App\BTB Meteor Project\accounting
179 verbose gentlyRm don't care about contents; nuking D:\App\BTB Meteor Project\accounting\node_modules\.staging\nan-e53747ab
180 verbose tar unpack C:\Users\SNR\AppData\Roaming\npm-cache\bindings\1.2.1\package.tgz
181 verbose tar unpacking to D:\App\BTB Meteor Project\accounting\node_modules\.staging\bindings-76da45b7
182 silly gentlyRm D:\App\BTB Meteor Project\accounting\node_modules\.staging\bindings-76da45b7 is being purged
183 verbose gentlyRm don't care about contents; nuking D:\App\BTB Meteor Project\accounting\node_modules\.staging\bindings-76da45b7
184 silly gentlyRm D:\App\BTB Meteor Project\accounting\node_modules\.staging\bcrypt-8351c443 is being purged from base D:\App\BTB Meteor Project\accounting
185 verbose gentlyRm don't care about contents; nuking D:\App\BTB Meteor Project\accounting\node_modules\.staging\bcrypt-8351c443
186 verbose tar unpack C:\Users\SNR\AppData\Roaming\npm-cache\nan\2.3.5\package.tgz
187 verbose tar unpacking to D:\App\BTB Meteor Project\accounting\node_modules\.staging\nan-e53747ab
188 silly gentlyRm D:\App\BTB Meteor Project\accounting\node_modules\.staging\nan-e53747ab is being purged
189 verbose gentlyRm don't care about contents; nuking D:\App\BTB Meteor Project\accounting\node_modules\.staging\nan-e53747ab
190 silly gunzTarPerm modes [ '777', '666' ]
191 verbose tar unpack C:\Users\SNR\AppData\Roaming\npm-cache\bcrypt\0.8.7\package.tgz
192 verbose tar unpacking to D:\App\BTB Meteor Project\accounting\node_modules\.staging\bcrypt-8351c443
193 silly gentlyRm D:\App\BTB Meteor Project\accounting\node_modules\.staging\bcrypt-8351c443 is being purged
194 verbose gentlyRm don't care about contents; nuking D:\App\BTB Meteor Project\accounting\node_modules\.staging\bcrypt-8351c443
195 silly gunzTarPerm modes [ '777', '666' ]
196 silly gunzTarPerm modes [ '777', '666' ]
197 silly gunzTarPerm extractEntry package.json
198 silly gunzTarPerm modified mode [ 'package.json', 420, 438 ]
199 silly gunzTarPerm extractEntry package.json
200 silly gunzTarPerm modified mode [ 'package.json', 436, 438 ]
201 silly gunzTarPerm extractEntry package.json
202 silly gunzTarPerm modified mode [ 'package.json', 420, 438 ]
203 silly gunzTarPerm extractEntry README.md
204 silly gunzTarPerm modified mode [ 'README.md', 420, 438 ]
205 silly gunzTarPerm extractEntry bindings.js
206 silly gunzTarPerm modified mode [ 'bindings.js', 420, 438 ]
207 silly gunzTarPerm extractEntry README.md
208 silly gunzTarPerm modified mode [ 'README.md', 436, 438 ]
209 silly gunzTarPerm extractEntry include_dirs.js
210 silly gunzTarPerm modified mode [ 'include_dirs.js', 436, 438 ]
211 silly gunzTarPerm extractEntry .npmignore
212 silly gunzTarPerm modified mode [ '.npmignore', 420, 438 ]
213 silly gunzTarPerm extractEntry README.md
214 silly gunzTarPerm modified mode [ 'README.md', 420, 438 ]
215 silly gunzTarPerm extractEntry nan_converters.h
216 silly gunzTarPerm modified mode [ 'nan_converters.h', 436, 438 ]
217 silly gunzTarPerm extractEntry LICENSE.md
218 silly gunzTarPerm modified mode [ 'LICENSE.md', 436, 438 ]
219 silly gunzTarPerm extractEntry doc/node_misc.md
220 silly gunzTarPerm modified mode [ 'doc/node_misc.md', 436, 438 ]
221 silly gunzTarPerm extractEntry LICENSE
222 silly gunzTarPerm modified mode [ 'LICENSE', 420, 438 ]
223 silly gunzTarPerm extractEntry bcrypt.js
224 silly gunzTarPerm modified mode [ 'bcrypt.js', 420, 438 ]
225 silly gunzTarPerm extractEntry Makefile
226 silly gunzTarPerm modified mode [ 'Makefile', 420, 438 ]
227 silly gunzTarPerm extractEntry .travis.yml
228 silly gunzTarPerm modified mode [ '.travis.yml', 420, 438 ]
229 silly gunzTarPerm extractEntry CHANGELOG.md
230 silly gunzTarPerm modified mode [ 'CHANGELOG.md', 420, 438 ]
231 silly gunzTarPerm extractEntry binding.gyp
232 silly gunzTarPerm modified mode [ 'binding.gyp', 420, 438 ]
233 silly gunzTarPerm extractEntry examples/async_compare.js
234 silly gunzTarPerm modified mode [ 'examples/async_compare.js', 420, 438 ]
235 silly gunzTarPerm extractEntry examples/forever_gen_salt.js
236 silly gunzTarPerm modified mode [ 'examples/forever_gen_salt.js', 420, 438 ]
237 silly gunzTarPerm extractEntry test/async.js
238 silly gunzTarPerm modified mode [ 'test/async.js', 420, 438 ]
239 silly gunzTarPerm extractEntry test/repetitions.js
240 silly gunzTarPerm modified mode [ 'test/repetitions.js', 420, 438 ]
241 silly gunzTarPerm extractEntry test/sync.js
242 silly gunzTarPerm modified mode [ 'test/sync.js', 420, 438 ]
243 silly gunzTarPerm extractEntry ISSUE_TEMPLATE.md
244 silly gunzTarPerm modified mode [ 'ISSUE_TEMPLATE.md', 420, 438 ]
245 silly gunzTarPerm extractEntry src/bcrypt.cc
246 silly gunzTarPerm modified mode [ 'src/bcrypt.cc', 420, 438 ]
247 silly gunzTarPerm extractEntry src/bcrypt_node.cc
248 silly gunzTarPerm modified mode [ 'src/bcrypt_node.cc', 420, 438 ]
249 silly gunzTarPerm extractEntry src/blowfish.cc
250 silly gunzTarPerm modified mode [ 'src/blowfish.cc', 420, 438 ]
251 silly gunzTarPerm extractEntry src/node_blf.h
252 silly gunzTarPerm modified mode [ 'src/node_blf.h', 420, 438 ]
253 silly gunzTarPerm extractEntry werker.yml
254 silly gunzTarPerm modified mode [ 'werker.yml', 420, 438 ]
255 silly gunzTarPerm extractEntry doc/asyncworker.md
256 silly gunzTarPerm modified mode [ 'doc/asyncworker.md', 436, 438 ]
257 silly gunzTarPerm extractEntry doc/callback.md
258 silly gunzTarPerm modified mode [ 'doc/callback.md', 436, 438 ]
259 silly gunzTarPerm extractEntry doc/converters.md
260 silly gunzTarPerm modified mode [ 'doc/converters.md', 436, 438 ]
261 silly gunzTarPerm extractEntry doc/errors.md
262 silly gunzTarPerm modified mode [ 'doc/errors.md', 436, 438 ]
263 silly gunzTarPerm extractEntry doc/maybe_types.md
264 silly gunzTarPerm modified mode [ 'doc/maybe_types.md', 436, 438 ]
265 silly gunzTarPerm extractEntry doc/methods.md
266 silly gunzTarPerm modified mode [ 'doc/methods.md', 436, 438 ]
267 silly gunzTarPerm extractEntry doc/new.md
268 silly gunzTarPerm modified mode [ 'doc/new.md', 436, 438 ]
269 silly gunzTarPerm extractEntry doc/buffers.md
270 silly gunzTarPerm modified mode [ 'doc/buffers.md', 436, 438 ]
271 silly gunzTarPerm extractEntry doc/object_wrappers.md
272 silly gunzTarPerm modified mode [ 'doc/object_wrappers.md', 436, 438 ]
273 silly gunzTarPerm extractEntry doc/persistent.md
274 silly gunzTarPerm modified mode [ 'doc/persistent.md', 436, 438 ]
275 silly gunzTarPerm extractEntry doc/scopes.md
276 silly gunzTarPerm modified mode [ 'doc/scopes.md', 436, 438 ]
277 silly gunzTarPerm extractEntry doc/script.md
278 silly gunzTarPerm modified mode [ 'doc/script.md', 436, 438 ]
279 silly gunzTarPerm extractEntry doc/string_bytes.md
280 silly gunzTarPerm modified mode [ 'doc/string_bytes.md', 436, 438 ]
281 silly gentlyRm D:\App\BTB Meteor Project\accounting\node_modules\.staging\bindings-76da45b7\node_modules is being purged
282 verbose gentlyRm don't care about contents; nuking D:\App\BTB Meteor Project\accounting\node_modules\.staging\bindings-76da45b7\node_modules
283 silly gunzTarPerm extractEntry doc/v8_internals.md
284 silly gunzTarPerm modified mode [ 'doc/v8_internals.md', 436, 438 ]
285 silly gunzTarPerm extractEntry doc/v8_misc.md
286 silly gunzTarPerm modified mode [ 'doc/v8_misc.md', 436, 438 ]
287 silly gunzTarPerm extractEntry nan.h
288 silly gunzTarPerm modified mode [ 'nan.h', 436, 438 ]
289 silly gunzTarPerm extractEntry nan_callbacks.h
290 silly gunzTarPerm modified mode [ 'nan_callbacks.h', 436, 438 ]
291 silly gunzTarPerm extractEntry nan_callbacks_12_inl.h
292 silly gunzTarPerm modified mode [ 'nan_callbacks_12_inl.h', 436, 438 ]
293 silly gunzTarPerm extractEntry nan_callbacks_pre_12_inl.h
294 silly gunzTarPerm modified mode [ 'nan_callbacks_pre_12_inl.h', 436, 438 ]
295 silly gunzTarPerm extractEntry nan_converters_43_inl.h
296 silly gunzTarPerm modified mode [ 'nan_converters_43_inl.h', 436, 438 ]
297 silly gunzTarPerm extractEntry nan_converters_pre_43_inl.h
298 silly gunzTarPerm modified mode [ 'nan_converters_pre_43_inl.h', 436, 438 ]
299 silly gunzTarPerm extractEntry nan_implementation_12_inl.h
300 silly gunzTarPerm modified mode [ 'nan_implementation_12_inl.h', 436, 438 ]
301 silly gunzTarPerm extractEntry nan_implementation_pre_12_inl.h
302 silly gunzTarPerm modified mode [ 'nan_implementation_pre_12_inl.h', 436, 438 ]
303 silly gunzTarPerm extractEntry nan_maybe_43_inl.h
304 silly gunzTarPerm modified mode [ 'nan_maybe_43_inl.h', 436, 438 ]
305 silly gunzTarPerm extractEntry nan_maybe_pre_43_inl.h
306 silly gunzTarPerm modified mode [ 'nan_maybe_pre_43_inl.h', 436, 438 ]
307 silly gunzTarPerm extractEntry nan_new.h
308 silly gunzTarPerm modified mode [ 'nan_new.h', 436, 438 ]
309 silly gunzTarPerm extractEntry nan_object_wrap.h
310 silly gunzTarPerm modified mode [ 'nan_object_wrap.h', 436, 438 ]
311 silly gunzTarPerm extractEntry nan_persistent_12_inl.h
312 silly gunzTarPerm modified mode [ 'nan_persistent_12_inl.h', 436, 438 ]
313 silly gunzTarPerm extractEntry nan_persistent_pre_12_inl.h
314 silly gunzTarPerm modified mode [ 'nan_persistent_pre_12_inl.h', 436, 438 ]
315 silly gunzTarPerm extractEntry nan_string_bytes.h
316 silly gunzTarPerm modified mode [ 'nan_string_bytes.h', 436, 438 ]
317 silly gunzTarPerm extractEntry nan_typedarray_contents.h
318 silly gunzTarPerm modified mode [ 'nan_typedarray_contents.h', 436, 438 ]
319 silly gunzTarPerm extractEntry nan_weak.h
320 silly gunzTarPerm modified mode [ 'nan_weak.h', 436, 438 ]
321 silly gunzTarPerm extractEntry CHANGELOG.md
322 silly gunzTarPerm modified mode [ 'CHANGELOG.md', 436, 438 ]
323 silly gunzTarPerm extractEntry tools/package.json
324 silly gunzTarPerm modified mode [ 'tools/package.json', 436, 438 ]
325 silly gunzTarPerm extractEntry tools/README.md
326 silly gunzTarPerm modified mode [ 'tools/README.md', 436, 438 ]
327 silly gunzTarPerm extractEntry tools/1to2.js
328 silly gunzTarPerm modified mode [ 'tools/1to2.js', 509, 511 ]
329 silly gentlyRm D:\App\BTB Meteor Project\accounting\node_modules\.staging\bcrypt-8351c443\node_modules is being purged
330 verbose gentlyRm don't care about contents; nuking D:\App\BTB Meteor Project\accounting\node_modules\.staging\bcrypt-8351c443\node_modules
331 silly gentlyRm D:\App\BTB Meteor Project\accounting\node_modules\.staging\nan-e53747ab\node_modules is being purged
332 verbose gentlyRm don't care about contents; nuking D:\App\BTB Meteor Project\accounting\node_modules\.staging\nan-e53747ab\node_modules
333 silly doParallel preinstall 3
334 silly preinstall bindings@1.2.1 D:\App\BTB Meteor Project\accounting\node_modules\.staging\bindings-76da45b7
335 info lifecycle bindings@1.2.1~preinstall: bindings@1.2.1
336 silly preinstall nan@2.3.5 D:\App\BTB Meteor Project\accounting\node_modules\.staging\nan-e53747ab
337 info lifecycle nan@2.3.5~preinstall: nan@2.3.5
338 silly preinstall bcrypt@0.8.7 D:\App\BTB Meteor Project\accounting\node_modules\.staging\bcrypt-8351c443
339 info lifecycle bcrypt@0.8.7~preinstall: bcrypt@0.8.7
340 silly lifecycle bindings@1.2.1~preinstall: no script for preinstall, continuing
341 silly lifecycle nan@2.3.5~preinstall: no script for preinstall, continuing
342 silly lifecycle bcrypt@0.8.7~preinstall: no script for preinstall, continuing
343 silly doReverseSerial remove 0
344 silly doSerial move 0
345 silly doSerial finalize 3
346 silly finalize D:\App\BTB Meteor Project\accounting\node_modules\bindings
347 silly finalize D:\App\BTB Meteor Project\accounting\node_modules\nan
348 silly finalize D:\App\BTB Meteor Project\accounting\node_modules\bcrypt
349 silly doSerial build 3
350 silly build bindings@1.2.1
351 info linkStuff bindings@1.2.1
352 silly linkStuff bindings@1.2.1 has D:\App\BTB Meteor Project\accounting\node_modules as its parent node_modules
353 verbose linkBins bindings@1.2.1
354 verbose linkMans bindings@1.2.1
355 silly build nan@2.3.5
356 info linkStuff nan@2.3.5
357 silly linkStuff nan@2.3.5 has D:\App\BTB Meteor Project\accounting\node_modules as its parent node_modules
358 verbose linkBins nan@2.3.5
359 verbose linkMans nan@2.3.5
360 silly build bcrypt@0.8.7
361 info linkStuff bcrypt@0.8.7
362 silly linkStuff bcrypt@0.8.7 has D:\App\BTB Meteor Project\accounting\node_modules as its parent node_modules
363 verbose linkBins bcrypt@0.8.7
364 verbose linkMans bcrypt@0.8.7
365 silly doSerial global-link 0
366 silly doParallel update-linked 0
367 silly doSerial install 3
368 silly install bindings@1.2.1 D:\App\BTB Meteor Project\accounting\node_modules\.staging\bindings-76da45b7
369 info lifecycle bindings@1.2.1~install: bindings@1.2.1
370 silly lifecycle bindings@1.2.1~install: no script for install, continuing
371 silly install nan@2.3.5 D:\App\BTB Meteor Project\accounting\node_modules\.staging\nan-e53747ab
372 info lifecycle nan@2.3.5~install: nan@2.3.5
373 silly lifecycle nan@2.3.5~install: no script for install, continuing
374 silly install bcrypt@0.8.7 D:\App\BTB Meteor Project\accounting\node_modules\.staging\bcrypt-8351c443
375 info lifecycle bcrypt@0.8.7~install: bcrypt@0.8.7
376 verbose lifecycle bcrypt@0.8.7~install: unsafe-perm in lifecycle true
377 verbose lifecycle bcrypt@0.8.7~install: PATH: C:\Users\SNR\AppData\Local\.meteor\packages\meteor-tool\1.4.1_1\mt-os.windows.x86_32\dev_bundle\lib\node_modules\npm\bin\node-gyp-bin;D:\App\BTB Meteor Project\accounting\node_modules\bcrypt\node_modules\.bin;D:\App\BTB Meteor Project\accounting\node_modules\.bin;C:\Users\SNR\AppData\Local\.meteor\packages\meteor-tool\1.4.1_1\mt-os.windows.x86_32\dev_bundle\bin;C:\Users\SNR\AppData\Local\.meteor\packages\meteor-tool\1.4.1_1\mt-os.windows.x86_32\dev_bundle\lib\node_modules\.bin;C:\ProgramData\Oracle\Java\javapath;C:\WINDOWS\system32;C:\WINDOWS;C:\WINDOWS\System32\Wbem;C:\WINDOWS\System32\WindowsPowerShell\v1.0\;C:\Program Files (x86)\Intel\OpenCL SDK\2.0\bin\x86;C:\Program Files (x86)\Intel\OpenCL SDK\2.0\bin\x64;C:\Program Files\Intel\WiFi\bin\;C:\Program Files\Common Files\Intel\WirelessCommon\;C:\Program Files (x86)\Skype\Phone\;C:\Program Files (x86)\Intel\OpenCL SDK\2.0\bin\x86;C:\Program Files (x86)\Intel\OpenCL SDK\2.0\bin\x64;C:\Program Files\nodejs\;C:\Users\SNR\AppData\Local\.meteor\;C:\Users\SNR\AppData\Roaming\npm
378 verbose lifecycle bcrypt@0.8.7~install: CWD: D:\App\BTB Meteor Project\accounting\node_modules\bcrypt
379 silly lifecycle bcrypt@0.8.7~install: Args: [ '/d /s /c', 'node-gyp rebuild' ]
380 silly lifecycle bcrypt@0.8.7~install: Returned: code: 1  signal: null
381 info lifecycle bcrypt@0.8.7~install: Failed to exec install script
382 verbose unlock done using C:\Users\SNR\AppData\Roaming\npm-cache\_locks\staging-91ed8ade035e7a34.lock for D:\App\BTB Meteor Project\accounting\node_modules\.staging
383 silly rollbackFailedOptional Starting
384 silly rollbackFailedOptional Finishing
385 silly runTopLevelLifecycles Starting
386 silly runTopLevelLifecycles Finishing
387 silly install printInstalled
388 verbose stack Error: bcrypt@0.8.7 install: `node-gyp rebuild`
388 verbose stack Exit status 1
388 verbose stack     at EventEmitter.<anonymous> (C:\Users\SNR\AppData\Local\.meteor\packages\meteor-tool\1.4.1_1\mt-os.windows.x86_32\dev_bundle\lib\node_modules\npm\lib\utils\lifecycle.js:255:16)
388 verbose stack     at emitTwo (events.js:87:13)
388 verbose stack     at EventEmitter.emit (events.js:172:7)
388 verbose stack     at ChildProcess.<anonymous> (C:\Users\SNR\AppData\Local\.meteor\packages\meteor-tool\1.4.1_1\mt-os.windows.x86_32\dev_bundle\lib\node_modules\npm\lib\utils\spawn.js:40:14)
388 verbose stack     at emitTwo (events.js:87:13)
388 verbose stack     at ChildProcess.emit (events.js:172:7)
388 verbose stack     at maybeClose (internal/child_process.js:829:16)
388 verbose stack     at Process.ChildProcess._handle.onexit (internal/child_process.js:211:5)
389 verbose pkgid bcrypt@0.8.7
390 verbose cwd D:\App\BTB Meteor Project\accounting
391 error Windows_NT 10.0.10586
392 error argv "C:\\Users\\SNR\\AppData\\Local\\.meteor\\packages\\meteor-tool\\1.4.1_1\\mt-os.windows.x86_32\\dev_bundle\\bin\\node.exe" "C:\\Users\\SNR\\AppData\\Local\\.meteor\\packages\\meteor-tool\\1.4.1_1\\mt-os.windows.x86_32\\dev_bundle\\lib\\node_modules\\npm\\bin\\npm-cli.js" "install" "--save" "bcrypt"
393 error node v4.5.0
394 error npm  v3.10.6
395 error code ELIFECYCLE
396 error bcrypt@0.8.7 install: `node-gyp rebuild`
396 error Exit status 1
397 error Failed at the bcrypt@0.8.7 install script 'node-gyp rebuild'.
397 error Make sure you have the latest version of node.js and npm installed.
397 error If you do, this is most likely a problem with the bcrypt package,
397 error not with npm itself.
397 error Tell the author that this fails on your system:
397 error     node-gyp rebuild
397 error You can get information on how to open an issue for this project with:
397 error     npm bugs bcrypt
397 error Or if that isn't available, you can get their info via:
397 error     npm owner ls bcrypt
397 error There is likely additional logging output above.
398 verbose exit [ 1, true ]
